2025-02-24 18:22:56,963 - INFO - ====== WebDriver manager ======
2025-02-24 18:22:58,529 - INFO - Get LATEST chromedriver version for google-chrome
2025-02-24 18:22:58,665 - INFO - Get LATEST chromedriver version for google-chrome
2025-02-24 18:22:58,713 - INFO - Driver [C:\Users\chopr\.wdm\drivers\chromedriver\win64\133.0.6943.126\chromedriver-win32/chromedriver.exe] found in cache
2025-02-24 18:23:56,034 - INFO - Successfully logged into LinkedIn
2025-02-24 18:25:08,097 - INFO - Successfully scraped profile: https://in.linkedin.com/in/pranav-aggarwal-474554231
2025-02-24 18:26:08,482 - INFO - Successfully scraped profile: https://in.linkedin.com/in/praveen-kiragi-2ba2604b
2025-02-24 18:26:55,077 - WARNING - Error extracting experience: Message: no such element: Unable to locate element: {"method":"xpath","selector":"//span[contains(text(), 'Experience')]/ancestor::section"}
  (Session info: chrome=133.0.6943.127); For documentation on this error, please visit: https://www.selenium.dev/documentation/webdriver/troubleshooting/errors#no-such-element-exception
Stacktrace:
	GetHandleVerifier [0x00620283+25139]
	(No symbol) [0x005AB234]
	(No symbol) [0x004804A3]
	(No symbol) [0x004C8338]
	(No symbol) [0x004C868B]
	(No symbol) [0x00510F62]
	(No symbol) [0x004ECF84]
	(No symbol) [0x0050E6E1]
	(No symbol) [0x004ECD36]
	(No symbol) [0x004BBD29]
	(No symbol) [0x004BD064]
	GetHandleVerifier [0x0092B143+3215603]
	GetHandleVerifier [0x009422BA+3310186]
	GetHandleVerifier [0x0093C4D2+3286146]
	GetHandleVerifier [0x006B9C80+654384]
	(No symbol) [0x005B45BD]
	(No symbol) [0x005B14A8]
	(No symbol) [0x005B1647]
	(No symbol) [0x005A3D20]
	BaseThreadInitThunk [0x76D77BA9+25]
	RtlInitializeExceptionChain [0x77E3C28B+107]
	RtlClearBits [0x77E3C20F+191]

2025-02-24 18:27:07,161 - INFO - Successfully scraped profile: https://in.linkedin.com/in/manik-meru-a1a7881b1
2025-02-24 18:28:08,837 - INFO - Successfully scraped profile: https://in.linkedin.com/in/joel-philip-0b1837216
2025-02-24 18:29:20,524 - WARNING - Error extracting social links: Message: 
Stacktrace:
	GetHandleVerifier [0x00620283+25139]
	(No symbol) [0x005AB234]
	(No symbol) [0x004804A3]
	(No symbol) [0x004C8338]
	(No symbol) [0x004C868B]
	(No symbol) [0x00510F62]
	(No symbol) [0x004ECF84]
	(No symbol) [0x0050E6E1]
	(No symbol) [0x004ECD36]
	(No symbol) [0x004BBD29]
	(No symbol) [0x004BD064]
	GetHandleVerifier [0x0092B143+3215603]
	GetHandleVerifier [0x009422BA+3310186]
	GetHandleVerifier [0x0093C4D2+3286146]
	GetHandleVerifier [0x006B9C80+654384]
	(No symbol) [0x005B45BD]
	(No symbol) [0x005B14A8]
	(No symbol) [0x005B1647]
	(No symbol) [0x005A3D20]
	BaseThreadInitThunk [0x76D77BA9+25]
	RtlInitializeExceptionChain [0x77E3C28B+107]
	RtlClearBits [0x77E3C20F+191]

2025-02-24 18:29:32,586 - WARNING - Error extracting experience: Message: no such element: Unable to locate element: {"method":"xpath","selector":"//span[contains(text(), 'Experience')]/ancestor::section"}
  (Session info: chrome=133.0.6943.127); For documentation on this error, please visit: https://www.selenium.dev/documentation/webdriver/troubleshooting/errors#no-such-element-exception
Stacktrace:
	GetHandleVerifier [0x00620283+25139]
	(No symbol) [0x005AB234]
	(No symbol) [0x004804A3]
	(No symbol) [0x004C8338]
	(No symbol) [0x004C868B]
	(No symbol) [0x00510F62]
	(No symbol) [0x004ECF84]
	(No symbol) [0x0050E6E1]
	(No symbol) [0x004ECD36]
	(No symbol) [0x004BBD29]
	(No symbol) [0x004BD064]
	GetHandleVerifier [0x0092B143+3215603]
	GetHandleVerifier [0x009422BA+3310186]
	GetHandleVerifier [0x0093C4D2+3286146]
	GetHandleVerifier [0x006B9C80+654384]
	(No symbol) [0x005B45BD]
	(No symbol) [0x005B14A8]
	(No symbol) [0x005B1647]
	(No symbol) [0x005A3D20]
	BaseThreadInitThunk [0x76D77BA9+25]
	RtlInitializeExceptionChain [0x77E3C28B+107]
	RtlClearBits [0x77E3C20F+191]

2025-02-24 18:29:45,799 - WARNING - Error extracting education: Message: no such element: Unable to locate element: {"method":"xpath","selector":"//span[contains(text(), 'Education')]/ancestor::section"}
  (Session info: chrome=133.0.6943.127); For documentation on this error, please visit: https://www.selenium.dev/documentation/webdriver/troubleshooting/errors#no-such-element-exception
Stacktrace:
	GetHandleVerifier [0x00620283+25139]
	(No symbol) [0x005AB234]
	(No symbol) [0x004804A3]
	(No symbol) [0x004C8338]
	(No symbol) [0x004C868B]
	(No symbol) [0x00510F62]
	(No symbol) [0x004ECF84]
	(No symbol) [0x0050E6E1]
	(No symbol) [0x004ECD36]
	(No symbol) [0x004BBD29]
	(No symbol) [0x004BD064]
	GetHandleVerifier [0x0092B143+3215603]
	GetHandleVerifier [0x009422BA+3310186]
	GetHandleVerifier [0x0093C4D2+3286146]
	GetHandleVerifier [0x006B9C80+654384]
	(No symbol) [0x005B45BD]
	(No symbol) [0x005B14A8]
	(No symbol) [0x005B1647]
	(No symbol) [0x005A3D20]
	BaseThreadInitThunk [0x76D77BA9+25]
	RtlInitializeExceptionChain [0x77E3C28B+107]
	RtlClearBits [0x77E3C20F+191]

2025-02-24 18:29:45,799 - INFO - Successfully scraped profile: https://in.linkedin.com/in/anand-arvind-920a11214
2025-02-24 18:30:52,148 - INFO - Successfully scraped profile: https://in.linkedin.com/in/bhanvee-jain-4b5480140
2025-02-24 18:31:54,992 - INFO - Successfully scraped profile: https://in.linkedin.com/in/swati-raina-9461712b
2025-02-24 18:32:55,437 - INFO - Successfully scraped profile: https://in.linkedin.com/in/neel-shah-81887931
2025-02-24 18:33:57,811 - INFO - Successfully scraped profile: https://in.linkedin.com/in/maggi-pouline-644773117
2025-02-24 18:35:26,087 - WARNING - Error extracting social links: Message: 
Stacktrace:
	GetHandleVerifier [0x00620283+25139]
	(No symbol) [0x005AB234]
	(No symbol) [0x004804A3]
	(No symbol) [0x004C8338]
	(No symbol) [0x004C868B]
	(No symbol) [0x00510F62]
	(No symbol) [0x004ECF84]
	(No symbol) [0x0050E6E1]
	(No symbol) [0x004ECD36]
	(No symbol) [0x004BBD29]
	(No symbol) [0x004BD064]
	GetHandleVerifier [0x0092B143+3215603]
	GetHandleVerifier [0x009422BA+3310186]
	GetHandleVerifier [0x0093C4D2+3286146]
	GetHandleVerifier [0x006B9C80+654384]
	(No symbol) [0x005B45BD]
	(No symbol) [0x005B14A8]
	(No symbol) [0x005B1647]
	(No symbol) [0x005A3D20]
	BaseThreadInitThunk [0x76D77BA9+25]
	RtlInitializeExceptionChain [0x77E3C28B+107]
	RtlClearBits [0x77E3C20F+191]

2025-02-24 18:35:38,142 - WARNING - Error extracting experience: Message: no such element: Unable to locate element: {"method":"xpath","selector":"//span[contains(text(), 'Experience')]/ancestor::section"}
  (Session info: chrome=133.0.6943.127); For documentation on this error, please visit: https://www.selenium.dev/documentation/webdriver/troubleshooting/errors#no-such-element-exception
Stacktrace:
	GetHandleVerifier [0x00620283+25139]
	(No symbol) [0x005AB234]
	(No symbol) [0x004804A3]
	(No symbol) [0x004C8338]
	(No symbol) [0x004C868B]
	(No symbol) [0x00510F62]
	(No symbol) [0x004ECF84]
	(No symbol) [0x0050E6E1]
	(No symbol) [0x004ECD36]
	(No symbol) [0x004BBD29]
	(No symbol) [0x004BD064]
	GetHandleVerifier [0x0092B143+3215603]
	GetHandleVerifier [0x009422BA+3310186]
	GetHandleVerifier [0x0093C4D2+3286146]
	GetHandleVerifier [0x006B9C80+654384]
	(No symbol) [0x005B45BD]
	(No symbol) [0x005B14A8]
	(No symbol) [0x005B1647]
	(No symbol) [0x005A3D20]
	BaseThreadInitThunk [0x76D77BA9+25]
	RtlInitializeExceptionChain [0x77E3C28B+107]
	RtlClearBits [0x77E3C20F+191]

2025-02-24 18:35:50,193 - WARNING - Error extracting education: Message: no such element: Unable to locate element: {"method":"xpath","selector":"//span[contains(text(), 'Education')]/ancestor::section"}
  (Session info: chrome=133.0.6943.127); For documentation on this error, please visit: https://www.selenium.dev/documentation/webdriver/troubleshooting/errors#no-such-element-exception
Stacktrace:
	GetHandleVerifier [0x00620283+25139]
	(No symbol) [0x005AB234]
	(No symbol) [0x004804A3]
	(No symbol) [0x004C8338]
	(No symbol) [0x004C868B]
	(No symbol) [0x00510F62]
	(No symbol) [0x004ECF84]
	(No symbol) [0x0050E6E1]
	(No symbol) [0x004ECD36]
	(No symbol) [0x004BBD29]
	(No symbol) [0x004BD064]
	GetHandleVerifier [0x0092B143+3215603]
	GetHandleVerifier [0x009422BA+3310186]
	GetHandleVerifier [0x0093C4D2+3286146]
	GetHandleVerifier [0x006B9C80+654384]
	(No symbol) [0x005B45BD]
	(No symbol) [0x005B14A8]
	(No symbol) [0x005B1647]
	(No symbol) [0x005A3D20]
	BaseThreadInitThunk [0x76D77BA9+25]
	RtlInitializeExceptionChain [0x77E3C28B+107]
	RtlClearBits [0x77E3C20F+191]

2025-02-24 18:35:50,193 - INFO - Successfully scraped profile: https://in.linkedin.com/in/neha-jain-31001b16
2025-02-24 18:35:53,233 - INFO - Successfully scraped 10 profiles
